2026-03-26 13:05:50,292 - alembic.runtime.plugins - INFO - setup plugin alembic.autogenerate.schemas
2026-03-26 13:05:50,293 - alembic.runtime.plugins - INFO - setup plugin alembic.autogenerate.tables
2026-03-26 13:05:50,293 - alembic.runtime.plugins - INFO - setup plugin alembic.autogenerate.types
2026-03-26 13:05:50,293 - alembic.runtime.plugins - INFO - setup plugin alembic.autogenerate.constraints
2026-03-26 13:05:50,293 - alembic.runtime.plugins - INFO - setup plugin alembic.autogenerate.defaults
2026-03-26 13:05:50,293 - alembic.runtime.plugins - INFO - setup plugin alembic.autogenerate.comments
2026-03-26 13:07:00,151 - alembic.runtime.plugins - INFO - setup plugin alembic.autogenerate.schemas
2026-03-26 13:07:00,152 - alembic.runtime.plugins - INFO - setup plugin alembic.autogenerate.tables
2026-03-26 13:07:00,152 - alembic.runtime.plugins - INFO - setup plugin alembic.autogenerate.types
2026-03-26 13:07:00,152 - alembic.runtime.plugins - INFO - setup plugin alembic.autogenerate.constraints
2026-03-26 13:07:00,153 - alembic.runtime.plugins - INFO - setup plugin alembic.autogenerate.defaults
2026-03-26 13:07:00,153 - alembic.runtime.plugins - INFO - setup plugin alembic.autogenerate.comments
2026-03-26 13:08:09,095 - alembic.runtime.plugins - INFO - setup plugin alembic.autogenerate.schemas
2026-03-26 13:08:09,096 - alembic.runtime.plugins - INFO - setup plugin alembic.autogenerate.tables
2026-03-26 13:08:09,096 - alembic.runtime.plugins - INFO - setup plugin alembic.autogenerate.types
2026-03-26 13:08:09,096 - alembic.runtime.plugins - INFO - setup plugin alembic.autogenerate.constraints
2026-03-26 13:08:09,096 - alembic.runtime.plugins - INFO - setup plugin alembic.autogenerate.defaults
2026-03-26 13:08:09,096 - alembic.runtime.plugins - INFO - setup plugin alembic.autogenerate.comments
2026-03-26 13:09:54,581 - alembic.runtime.plugins - INFO - setup plugin alembic.autogenerate.schemas
2026-03-26 13:09:54,581 - alembic.runtime.plugins - INFO - setup plugin alembic.autogenerate.tables
2026-03-26 13:09:54,581 - alembic.runtime.plugins - INFO - setup plugin alembic.autogenerate.types
2026-03-26 13:09:54,581 - alembic.runtime.plugins - INFO - setup plugin alembic.autogenerate.constraints
2026-03-26 13:09:54,581 - alembic.runtime.plugins - INFO - setup plugin alembic.autogenerate.defaults
2026-03-26 13:09:54,582 - alembic.runtime.plugins - INFO - setup plugin alembic.autogenerate.comments
2026-03-26 13:09:54,636 - werkzeug - INFO - [31m[1mWARNING: This is a development server. Do not use it in a production deployment. Use a production WSGI server instead.[0m
 * Running on http://127.0.0.1:5000
2026-03-26 13:09:54,636 - werkzeug - INFO - [33mPress CTRL+C to quit[0m
2026-03-26 13:09:54,637 - werkzeug - INFO -  * Restarting with stat
2026-03-26 13:09:55,180 - alembic.runtime.plugins - INFO - setup plugin alembic.autogenerate.schemas
2026-03-26 13:09:55,180 - alembic.runtime.plugins - INFO - setup plugin alembic.autogenerate.tables
2026-03-26 13:09:55,180 - alembic.runtime.plugins - INFO - setup plugin alembic.autogenerate.types
2026-03-26 13:09:55,180 - alembic.runtime.plugins - INFO - setup plugin alembic.autogenerate.constraints
2026-03-26 13:09:55,180 - alembic.runtime.plugins - INFO - setup plugin alembic.autogenerate.defaults
2026-03-26 13:09:55,181 - alembic.runtime.plugins - INFO - setup plugin alembic.autogenerate.comments
2026-03-26 13:09:55,222 - werkzeug - WARNING -  * Debugger is active!
2026-03-26 13:09:55,225 - werkzeug - INFO -  * Debugger PIN: 704-254-663
2026-03-26 13:10:05,771 - werkzeug - INFO - 127.0.0.1 - - [26/Mar/2026 13:10:05] "[35m[1mPOST /api/register HTTP/1.1[0m" 500 -
2026-03-26 13:13:58,157 - werkzeug - INFO -  * Detected change in 'E:\\BomXanhG-Z_File\\BXGZ_Demo\\Flask_demo\\backend\\app\\models\\user.py', reloading
2026-03-26 13:13:58,254 - werkzeug - INFO -  * Restarting with stat
2026-03-26 13:17:02,779 - alembic.runtime.plugins - INFO - setup plugin alembic.autogenerate.schemas
2026-03-26 13:17:02,779 - alembic.runtime.plugins - INFO - setup plugin alembic.autogenerate.tables
2026-03-26 13:17:02,779 - alembic.runtime.plugins - INFO - setup plugin alembic.autogenerate.types
2026-03-26 13:17:02,780 - alembic.runtime.plugins - INFO - setup plugin alembic.autogenerate.constraints
2026-03-26 13:17:02,780 - alembic.runtime.plugins - INFO - setup plugin alembic.autogenerate.defaults
2026-03-26 13:17:02,780 - alembic.runtime.plugins - INFO - setup plugin alembic.autogenerate.comments
2026-03-26 13:17:14,948 - alembic.runtime.plugins - INFO - setup plugin alembic.autogenerate.schemas
2026-03-26 13:17:14,948 - alembic.runtime.plugins - INFO - setup plugin alembic.autogenerate.tables
2026-03-26 13:17:14,948 - alembic.runtime.plugins - INFO - setup plugin alembic.autogenerate.types
2026-03-26 13:17:14,949 - alembic.runtime.plugins - INFO - setup plugin alembic.autogenerate.constraints
2026-03-26 13:17:14,949 - alembic.runtime.plugins - INFO - setup plugin alembic.autogenerate.defaults
2026-03-26 13:17:14,949 - alembic.runtime.plugins - INFO - setup plugin alembic.autogenerate.comments
2026-03-26 13:17:38,550 - alembic.runtime.plugins - INFO - setup plugin alembic.autogenerate.schemas
2026-03-26 13:17:38,550 - alembic.runtime.plugins - INFO - setup plugin alembic.autogenerate.tables
2026-03-26 13:17:38,550 - alembic.runtime.plugins - INFO - setup plugin alembic.autogenerate.types
2026-03-26 13:17:38,551 - alembic.runtime.plugins - INFO - setup plugin alembic.autogenerate.constraints
2026-03-26 13:17:38,551 - alembic.runtime.plugins - INFO - setup plugin alembic.autogenerate.defaults
2026-03-26 13:17:38,551 - alembic.runtime.plugins - INFO - setup plugin alembic.autogenerate.comments
2026-03-26 13:17:38,619 - werkzeug - INFO - [31m[1mWARNING: This is a development server. Do not use it in a production deployment. Use a production WSGI server instead.[0m
 * Running on http://127.0.0.1:5000
2026-03-26 13:17:38,620 - werkzeug - INFO - [33mPress CTRL+C to quit[0m
2026-03-26 13:17:38,620 - werkzeug - INFO -  * Restarting with stat
2026-03-26 13:17:39,198 - alembic.runtime.plugins - INFO - setup plugin alembic.autogenerate.schemas
2026-03-26 13:17:39,198 - alembic.runtime.plugins - INFO - setup plugin alembic.autogenerate.tables
2026-03-26 13:17:39,198 - alembic.runtime.plugins - INFO - setup plugin alembic.autogenerate.types
2026-03-26 13:17:39,198 - alembic.runtime.plugins - INFO - setup plugin alembic.autogenerate.constraints
2026-03-26 13:17:39,198 - alembic.runtime.plugins - INFO - setup plugin alembic.autogenerate.defaults
2026-03-26 13:17:39,199 - alembic.runtime.plugins - INFO - setup plugin alembic.autogenerate.comments
2026-03-26 13:17:39,266 - werkzeug - WARNING -  * Debugger is active!
2026-03-26 13:17:39,271 - werkzeug - INFO -  * Debugger PIN: 704-254-663
2026-03-26 13:17:54,466 - werkzeug - INFO - 127.0.0.1 - - [26/Mar/2026 13:17:54] "[35m[1mPOST /api/register HTTP/1.1[0m" 201 -
2026-03-26 13:18:13,199 - werkzeug - INFO - 127.0.0.1 - - [26/Mar/2026 13:18:13] "[31m[1mPOST /api/login HTTP/1.1[0m" 401 -
2026-03-26 13:18:25,468 - werkzeug - INFO - 127.0.0.1 - - [26/Mar/2026 13:18:25] "[31m[1mPOST /api/login HTTP/1.1[0m" 401 -
2026-03-26 13:19:07,694 - werkzeug - INFO - 127.0.0.1 - - [26/Mar/2026 13:19:07] "POST /api/login HTTP/1.1" 200 -
2026-03-26 13:19:39,226 - werkzeug - INFO - 127.0.0.1 - - [26/Mar/2026 13:19:39] "[35m[1mGET /api/me HTTP/1.1[0m" 500 -
2026-03-26 13:19:42,652 - werkzeug - INFO - 127.0.0.1 - - [26/Mar/2026 13:19:42] "[35m[1mGET /api/me HTTP/1.1[0m" 500 -
2026-03-26 13:20:09,343 - werkzeug - INFO -  * Detected change in 'E:\\BomXanhG-Z_File\\BXGZ_Demo\\Flask_demo\\backend\\app\\controller\\user_controller.py', reloading
2026-03-26 13:20:09,451 - werkzeug - INFO -  * Restarting with stat
2026-03-26 13:20:10,039 - alembic.runtime.plugins - INFO - setup plugin alembic.autogenerate.schemas
2026-03-26 13:20:10,039 - alembic.runtime.plugins - INFO - setup plugin alembic.autogenerate.tables
2026-03-26 13:20:10,039 - alembic.runtime.plugins - INFO - setup plugin alembic.autogenerate.types
2026-03-26 13:20:10,039 - alembic.runtime.plugins - INFO - setup plugin alembic.autogenerate.constraints
2026-03-26 13:20:10,039 - alembic.runtime.plugins - INFO - setup plugin alembic.autogenerate.defaults
2026-03-26 13:20:10,039 - alembic.runtime.plugins - INFO - setup plugin alembic.autogenerate.comments
2026-03-26 13:20:10,084 - werkzeug - WARNING -  * Debugger is active!
2026-03-26 13:20:10,087 - werkzeug - INFO -  * Debugger PIN: 704-254-663
2026-03-26 13:20:19,353 - werkzeug - INFO - 127.0.0.1 - - [26/Mar/2026 13:20:19] "GET /api/me HTTP/1.1" 200 -
